#
# There is insufficient memory for the Java Runtime Environment to continue.
# Native memory allocation (mmap) failed to map 132120576 bytes for G1 virtual space
# Possible reasons:
#   The system is out of physical RAM or swap space
#   The process is running with CompressedOops enabled, and the Java Heap may be blocking the growth of the native heap
# Possible solutions:
#   Reduce memory load on the system
#   Increase physical memory or swap space
#   Check if swap backing store is full
#   Decrease Java heap size (-Xmx/-Xms)
#   Decrease number of Java threads
#   Decrease Java thread stack sizes (-Xss)
#   Set larger code cache with -XX:ReservedCodeCacheSize=
#   JVM is running with Unscaled Compressed Oops mode in which the Java heap is
#     placed in the first 4GB address space. The Java Heap base address is the
#     maximum limit for the native heap growth. Please use -XX:HeapBaseMinAddress
#     to set the Java Heap base and to place the Java Heap above 4GB virtual address.
# This output file may be truncated or incomplete.
#
#  Out of Memory Error (os_windows.cpp:3466), pid=2456, tid=11412
#
# JRE version:  (16.0.2+7) (build )
# Java VM: OpenJDK 64-Bit Server VM (16.0.2+7-67, mixed mode, sharing, tiered, compressed oops, compressed class ptrs, g1 gc, windows-amd64)
# No core dump will be written. Minidumps are not enabled by default on client versions of Windows
#

---------------  S U M M A R Y ------------

Command Line: -Dfile.encoding=Cp1252 --module-path=C:\Users\Darin\git\World-Sim\WorldSim2.0\src\jfreechart\jcommon-1.0.23.jar;C:\Users\Darin\git\World-Sim\WorldSim2.0\src\jfreechart\jfreechart-1.0.19.jar;C:\Users\Darin\git\World-Sim\WorldSim2.0\src\jfreechart\jfreesvg-2.0.jar;C:\Users\Darin\git\World-Sim\WorldSim2.0\src\jfreechart\servlet.jar;C:\Users\Darin\git\World-Sim\WorldSim2.0\src\jfreechart\swtgraphics2d.jar -XX:+ShowCodeDetailsInExceptionMessages WorldSim2

Host: Intel(R) Core(TM) i5-7360U CPU @ 2.30GHz, 4 cores, 7G,  Windows 10 , 64 bit Build 18362 (10.0.18362.1500)
Time: Sun Aug 22 22:43:10 2021 Pacific Daylight Time elapsed time: 0.023330 seconds (0d 0h 0m 0s)

---------------  T H R E A D  ---------------

Current thread (0x000001d95bb7a4c0):  JavaThread "Unknown thread" [_thread_in_vm, id=11412, stack(0x0000000100600000,0x0000000100700000)]

Stack: [0x0000000100600000,0x0000000100700000]
Native frames: (J=compiled Java code, j=interpreted, Vv=VM code, C=native code)
V  [jvm.dll+0x6681ca]
V  [jvm.dll+0x7c9e69]
V  [jvm.dll+0x7cb61e]
V  [jvm.dll+0x7cbc73]
V  [jvm.dll+0x242c55]
V  [jvm.dll+0x664f89]
V  [jvm.dll+0x659b75]
V  [jvm.dll+0x2fbfbb]
V  [jvm.dll+0x3031b6]
V  [jvm.dll+0x35299e]
V  [jvm.dll+0x352bcf]
V  [jvm.dll+0x2d3028]
V  [jvm.dll+0x2d4264]
V  [jvm.dll+0x79c741]
V  [jvm.dll+0x360791]
V  [jvm.dll+0x77a3f0]
V  [jvm.dll+0x3e4e8f]
V  [jvm.dll+0x3e6961]
C  [jli.dll+0x52fb]
C  [ucrtbase.dll+0x210b2]
C  [KERNEL32.DLL+0x17c24]
C  [ntdll.dll+0x6d721]


---------------  P R O C E S S  ---------------

Threads class SMR info:
_java_thread_list=0x00007ffc5ab0cbb8, length=0, elements={
}

Java Threads: ( => current thread )

Other Threads:
  0x000001d95bbbbd10 GCTaskThread "GC Thread#0" [stack: 0x0000000100700000,0x0000000100800000] [id=12976]
  0x000001d95bbcd100 ConcurrentGCThread "G1 Main Marker" [stack: 0x0000000100800000,0x0000000100900000] [id=12788]
  0x000001d95bbcfea0 ConcurrentGCThread "G1 Conc#0" [stack: 0x0000000100900000,0x0000000100a00000] [id=9976]

[error occurred during error reporting (printing all threads), id 0xc0000005, EXCEPTION_ACCESS_VIOLATION (0xc0000005) at pc=0x00007ffc5a2e3ee7]

VM state: not at safepoint (not fully initialized)

VM Mutex/Monitor currently owned by a thread:  ([mutex/lock_event])
[0x000001d95bb77300] Heap_lock - owner thread: 0x000001d95bb7a4c0

Heap address: 0x0000000082000000, size: 2016 MB, Compressed Oops mode: 32-bit

CDS archive(s) mapped at: [0x0000000000000000-0x0000000000000000-0x0000000000000000), size 0, SharedBaseAddress: 0x0000000800000000, ArchiveRelocationMode: 0.
Narrow klass base: 0x0000000000000000, Narrow klass shift: 0, Narrow klass range: 0x0

GC Precious Log:
<Empty>

Heap:
 garbage-first heap   total 0K, used 0K [0x0000000082000000, 0x0000000100000000)
  region size 1024K, 0 young (0K), 0 survivors (0K)

[error occurred during error reporting (printing heap information), id 0xc0000005, EXCEPTION_ACCESS_VIOLATION (0xc0000005) at pc=0x00007ffc5a6c1eed]

GC Heap History (0 events):
No events

Deoptimization events (0 events):
No events

Classes unloaded (0 events):
No events

Classes redefined (0 events):
No events

Internal exceptions (0 events):
No events

Events (1 events):
Event: 0.013 Loaded shared library C:\Users\Darin\.p2\pool\plugins\org.eclipse.justj.openjdk.hotspot.jre.full.win32.x86_64_16.0.2.v20210721-1149\jre\bin\java.dll


Dynamic libraries:
0x00007ff6d2c30000 - 0x00007ff6d2c3e000 	C:\Users\Darin\.p2\pool\plugins\org.eclipse.justj.openjdk.hotspot.jre.full.win32.x86_64_16.0.2.v20210721-1149\jre\bin\javaw.exe
0x00007ffc98d60000 - 0x00007ffc98f50000 	C:\Windows\SYSTEM32\ntdll.dll
0x00007ffc97290000 - 0x00007ffc97342000 	C:\Windows\System32\KERNEL32.DLL
0x00007ffc96970000 - 0x00007ffc96c15000 	C:\Windows\System32\KERNELBASE.dll
0x00007ffc96050000 - 0x00007ffc9614a000 	C:\Windows\System32\ucrtbase.dll
0x00007ffc8f9b0000 - 0x00007ffc8f9c8000 	C:\Users\Darin\.p2\pool\plugins\org.eclipse.justj.openjdk.hotspot.jre.full.win32.x86_64_16.0.2.v20210721-1149\jre\bin\jli.dll
0x00007ffc981c0000 - 0x00007ffc98354000 	C:\Windows\System32\USER32.dll
0x00007ffc95cd0000 - 0x00007ffc95cf1000 	C:\Windows\System32\win32u.dll
0x00007ffc97b20000 - 0x00007ffc97b46000 	C:\Windows\System32\GDI32.dll
0x00007ffc95e60000 - 0x00007ffc95ff8000 	C:\Windows\System32\gdi32full.dll
0x00007ffc968d0000 - 0x00007ffc9696e000 	C:\Windows\System32\msvcp_win.dll
0x00007ffc8cc00000 - 0x00007ffc8cc19000 	C:\Users\Darin\.p2\pool\plugins\org.eclipse.justj.openjdk.hotspot.jre.full.win32.x86_64_16.0.2.v20210721-1149\jre\bin\VCRUNTIME140.dll
0x00007ffc84300000 - 0x00007ffc84584000 	C:\Windows\WinSxS\amd64_microsoft.windows.common-controls_6595b64144ccf1df_6.0.18362.1556_none_9e7e372fe45e41d5\COMCTL32.dll
0x00007ffc98b80000 - 0x00007ffc98c1e000 	C:\Windows\System32\msvcrt.dll
0x00007ffc97e20000 - 0x00007ffc98156000 	C:\Windows\System32\combase.dll
0x00007ffc96f50000 - 0x00007ffc9706f000 	C:\Windows\System32\RPCRT4.dll
0x00007ffc95dd0000 - 0x00007ffc95e51000 	C:\Windows\System32\bcryptPrimitives.dll
0x00007ffc97c60000 - 0x00007ffc97c8e000 	C:\Windows\System32\IMM32.DLL
0x00007ffc926d0000 - 0x00007ffc926dc000 	C:\Users\Darin\.p2\pool\plugins\org.eclipse.justj.openjdk.hotspot.jre.full.win32.x86_64_16.0.2.v20210721-1149\jre\bin\vcruntime140_1.dll
0x00007ffc75ad0000 - 0x00007ffc75b61000 	C:\Users\Darin\.p2\pool\plugins\org.eclipse.justj.openjdk.hotspot.jre.full.win32.x86_64_16.0.2.v20210721-1149\jre\bin\msvcp140.dll
0x00007ffc5a000000 - 0x00007ffc5abab000 	C:\Users\Darin\.p2\pool\plugins\org.eclipse.justj.openjdk.hotspot.jre.full.win32.x86_64_16.0.2.v20210721-1149\jre\bin\server\jvm.dll
0x00007ffc97d70000 - 0x00007ffc97e13000 	C:\Windows\System32\ADVAPI32.dll
0x00007ffc97b50000 - 0x00007ffc97be7000 	C:\Windows\System32\sechost.dll
0x00007ffc97400000 - 0x00007ffc97408000 	C:\Windows\System32\PSAPI.DLL
0x00007ffc90880000 - 0x00007ffc90889000 	C:\Windows\SYSTEM32\WSOCK32.dll
0x00007ffc97bf0000 - 0x00007ffc97c5f000 	C:\Windows\System32\WS2_32.dll
0x00007ffc92400000 - 0x00007ffc92424000 	C:\Windows\SYSTEM32\WINMM.dll
0x00007ffc8eb50000 - 0x00007ffc8eb5a000 	C:\Windows\SYSTEM32\VERSION.dll
0x00007ffc923d0000 - 0x00007ffc923fd000 	C:\Windows\SYSTEM32\WINMMBASE.dll
0x00007ffc96000000 - 0x00007ffc9604a000 	C:\Windows\System32\cfgmgr32.dll
0x00007ffc95c40000 - 0x00007ffc95c51000 	C:\Windows\System32\kernel.appcore.dll
0x00007ffc90800000 - 0x00007ffc9080a000 	C:\Users\Darin\.p2\pool\plugins\org.eclipse.justj.openjdk.hotspot.jre.full.win32.x86_64_16.0.2.v20210721-1149\jre\bin\jimage.dll
0x00007ffc7cb70000 - 0x00007ffc7cd64000 	C:\Windows\SYSTEM32\DBGHELP.DLL
0x00007ffc7c9f0000 - 0x00007ffc7ca1a000 	C:\Windows\SYSTEM32\dbgcore.DLL
0x00007ffc8cbd0000 - 0x00007ffc8cbf5000 	C:\Users\Darin\.p2\pool\plugins\org.eclipse.justj.openjdk.hotspot.jre.full.win32.x86_64_16.0.2.v20210721-1149\jre\bin\java.dll

dbghelp: loaded successfully - version: 4.0.5 - missing functions: none
symbol engine: initialized successfully - sym options: 0x614 - pdb path: .;C:\Users\Darin\.p2\pool\plugins\org.eclipse.justj.openjdk.hotspot.jre.full.win32.x86_64_16.0.2.v20210721-1149\jre\bin;C:\Windows\SYSTEM32;C:\Windows\WinSxS\amd64_microsoft.windows.common-controls_6595b64144ccf1df_6.0.18362.1556_none_9e7e372fe45e41d5;C:\Users\Darin\.p2\pool\plugins\org.eclipse.justj.openjdk.hotspot.jre.full.win32.x86_64_16.0.2.v20210721-1149\jre\bin\server

VM Arguments:
jvm_args: -Dfile.encoding=Cp1252 --module-path=C:\Users\Darin\git\World-Sim\WorldSim2.0\src\jfreechart\jcommon-1.0.23.jar;C:\Users\Darin\git\World-Sim\WorldSim2.0\src\jfreechart\jfreechart-1.0.19.jar;C:\Users\Darin\git\World-Sim\WorldSim2.0\src\jfreechart\jfreesvg-2.0.jar;C:\Users\Darin\git\World-Sim\WorldSim2.0\src\jfreechart\servlet.jar;C:\Users\Darin\git\World-Sim\WorldSim2.0\src\jfreechart\swtgraphics2d.jar -XX:+ShowCodeDetailsInExceptionMessages 
java_command: WorldSim2
java_class_path (initial): C:\Users\Darin\git\World-Sim\WorldSim2.0\bin
Launcher Type: SUN_STANDARD

[Global flags]
     intx CICompilerCount                          = 3                                         {product} {ergonomic}
     uint ConcGCThreads                            = 1                                         {product} {ergonomic}
     uint G1ConcRefinementThreads                  = 4                                         {product} {ergonomic}
   size_t G1HeapRegionSize                         = 1048576                                   {product} {ergonomic}
    uintx GCDrainStackTargetSize                   = 64                                        {product} {ergonomic}
   size_t InitialHeapSize                          = 132120576                                 {product} {ergonomic}
   size_t MarkStackSize                            = 4194304                                   {product} {ergonomic}
   size_t MaxHeapSize                              = 2113929216                                {product} {ergonomic}
   size_t MinHeapDeltaBytes                        = 1048576                                   {product} {ergonomic}
   size_t MinHeapSize                              = 8388608                                   {product} {ergonomic}
    uintx NonNMethodCodeHeapSize                   = 5832780                                {pd product} {ergonomic}
    uintx NonProfiledCodeHeapSize                  = 122912730                              {pd product} {ergonomic}
    uintx ProfiledCodeHeapSize                     = 122912730                              {pd product} {ergonomic}
    uintx ReservedCodeCacheSize                    = 251658240                              {pd product} {ergonomic}
     bool SegmentedCodeCache                       = true                                      {product} {ergonomic}
     bool ShowCodeDetailsInExceptionMessages       = true                                   {manageable} {command line}
   size_t SoftMaxHeapSize                          = 2113929216                             {manageable} {ergonomic}
     bool UseCompressedClassPointers               = true                           {product lp64_product} {ergonomic}
     bool UseCompressedOops                        = true                           {product lp64_product} {ergonomic}
     bool UseG1GC                                  = true                                      {product} {ergonomic}
     bool UseLargePagesIndividualAllocation        = false                                  {pd product} {ergonomic}

Logging:
Log output configuration:
 #0: stdout all=warning uptime,level,tags
 #1: stderr all=off uptime,level,tags

Environment Variables:
PATH=C:/Users/Darin/.p2/pool/plugins/org.eclipse.justj.openjdk.hotspot.jre.full.win32.x86_64_16.0.2.v20210721-1149/jre/bin/server;C:/Users/Darin/.p2/pool/plugins/org.eclipse.justj.openjdk.hotspot.jre.full.win32.x86_64_16.0.2.v20210721-1149/jre/bin;C:\Program Files (x86)\Common Files\Oracle\Java\javapath;C:\Program Files (x86)\Intel\iCLS Client\;C:\Program Files\Intel\iCLS Client\;C:\Windows\system32;C:\Windows;C:\Windows\System32\Wbem;C:\Windows\System32\WindowsPowerShell\v1.0\;C:\Windows\System32\OpenSSH\;C:\Users\Darin\AppData\Local\Microsoft\WindowsApps;;C:\Users\Darin\OneDrive\Desktop;
USERNAME=Darin
OS=Windows_NT
PROCESSOR_IDENTIFIER=Intel64 Family 6 Model 142 Stepping 9, GenuineIntel



---------------  S Y S T E M  ---------------

OS:
 Windows 10 , 64 bit Build 18362 (10.0.18362.1500)
OS uptime: 9 days 5:45 hours

CPU: total 4 (initial active 4) (2 cores per cpu, 2 threads per core) family 6 model 142 stepping 9 microcode 0xde, cx8, cmov, fxsr, ht, mmx, 3dnowpref, sse, sse2, sse3, ssse3, sse4.1, sse4.2, popcnt, lzcnt, tsc, tscinvbit, avx, avx2, aes, erms, clmul, bmi1, bmi2, rtm, adx, fma, vzeroupper, clflush, clflushopt

Memory: 4k page, system-wide physical 8057M (3207M free)
TotalPageFile size 10154M (AvailPageFile size 14M)
current process WorkingSet (physical memory assigned to process): 9M, peak: 9M
current process commit charge ("private bytes"): 51M, peak: 177M

vm_info: OpenJDK 64-Bit Server VM (16.0.2+7-67) for windows-amd64 JRE (16.0.2+7-67), built on Jun  8 2021 23:21:43 by "mach5one" with MS VC++ 16.7 (VS2019)

END.
