#
# There is insufficient memory for the Java Runtime Environment to continue.
# Native memory allocation (mmap) failed to map 65536 bytes for Failed to commit metaspace.
# Possible reasons:
#   The system is out of physical RAM or swap space
#   The process is running with CompressedOops enabled, and the Java Heap may be blocking the growth of the native heap
# Possible solutions:
#   Reduce memory load on the system
#   Increase physical memory or swap space
#   Check if swap backing store is full
#   Decrease Java heap size (-Xmx/-Xms)
#   Decrease number of Java threads
#   Decrease Java thread stack sizes (-Xss)
#   Set larger code cache with -XX:ReservedCodeCacheSize=
#   JVM is running with Unscaled Compressed Oops mode in which the Java heap is
#     placed in the first 4GB address space. The Java Heap base address is the
#     maximum limit for the native heap growth. Please use -XX:HeapBaseMinAddress
#     to set the Java Heap base and to place the Java Heap above 4GB virtual address.
# This output file may be truncated or incomplete.
#
#  Out of Memory Error (virtualSpaceNode.cpp:108), pid=9252, tid=12728
#
# JRE version: OpenJDK Runtime Environment (16.0.2+7) (build 16.0.2+7-67)
# Java VM: OpenJDK 64-Bit Server VM (16.0.2+7-67, mixed mode, tiered, compressed oops, compressed class ptrs, g1 gc, windows-amd64)
# No core dump will be written. Minidumps are not enabled by default on client versions of Windows
#

---------------  S U M M A R Y ------------

Command Line: -Dfile.encoding=Cp1252 --module-path=C:\Users\Darin\git\World-Sim\WorldSim2.0\src\jfreechart\jcommon-1.0.23.jar;C:\Users\Darin\git\World-Sim\WorldSim2.0\src\jfreechart\jfreechart-1.0.19.jar;C:\Users\Darin\git\World-Sim\WorldSim2.0\src\jfreechart\jfreesvg-2.0.jar;C:\Users\Darin\git\World-Sim\WorldSim2.0\src\jfreechart\servlet.jar;C:\Users\Darin\git\World-Sim\WorldSim2.0\src\jfreechart\swtgraphics2d.jar -XX:+ShowCodeDetailsInExceptionMessages WorldSim2

Host: Intel(R) Core(TM) i5-7360U CPU @ 2.30GHz, 4 cores, 7G,  Windows 10 , 64 bit Build 18362 (10.0.18362.1500)
Time: Thu Aug 26 21:38:08 2021 Pacific Daylight Time elapsed time: 0.306681 seconds (0d 0h 0m 0s)

---------------  T H R E A D  ---------------

Current thread (0x000001fa1894a780):  JavaThread "main" [_thread_in_vm, id=12728, stack(0x00000053eec00000,0x00000053eed00000)]

Stack: [0x00000053eec00000,0x00000053eed00000]
Native frames: (J=compiled Java code, j=interpreted, Vv=VM code, C=native code)
V  [jvm.dll+0x6681ca]
V  [jvm.dll+0x7c9e69]
V  [jvm.dll+0x7cb61e]
V  [jvm.dll+0x7cbc73]
V  [jvm.dll+0x242c55]
V  [jvm.dll+0x7c64eb]
V  [jvm.dll+0x60ddd6]
V  [jvm.dll+0x60de3a]
V  [jvm.dll+0x61046a]
V  [jvm.dll+0x60e6d1]
V  [jvm.dll+0x238440]
V  [jvm.dll+0x1ea2df]
V  [jvm.dll+0x1df631]
V  [jvm.dll+0x535ff8]
V  [jvm.dll+0x1f0d52]
V  [jvm.dll+0x741863]
V  [jvm.dll+0x743108]
V  [jvm.dll+0x743433]
V  [jvm.dll+0x23ab24]
V  [jvm.dll+0x375531]
C  0x000001fa1bedc20e

Java frames: (J=compiled Java code, j=interpreted, Vv=VM code)
j  sun.util.locale.provider.CalendarDataUtility.<clinit>()V+0 java.base@16.0.2
v  ~StubRoutines::call_stub
j  sun.util.locale.provider.NumberFormatProviderImpl.getInstance(Ljava/util/Locale;I)Ljava/text/NumberFormat;+22 java.base@16.0.2
j  sun.util.locale.provider.NumberFormatProviderImpl.getNumberInstance(Ljava/util/Locale;)Ljava/text/NumberFormat;+3 java.base@16.0.2
j  java.text.NumberFormat.getInstance(Lsun/util/locale/provider/LocaleProviderAdapter;Ljava/util/Locale;Ljava/text/NumberFormat$Style;I)Ljava/text/NumberFormat;+51 java.base@16.0.2
j  java.text.NumberFormat.getInstance(Ljava/util/Locale;Ljava/text/NumberFormat$Style;I)Ljava/text/NumberFormat;+11 java.base@16.0.2
j  java.text.NumberFormat.getNumberInstance(Ljava/util/Locale;)Ljava/text/NumberFormat;+3 java.base@16.0.2
j  java.util.Scanner.useLocale(Ljava/util/Locale;)Ljava/util/Scanner;+31 java.base@16.0.2
j  java.util.Scanner.<init>(Ljava/lang/Readable;Ljava/util/regex/Pattern;)V+243 java.base@16.0.2
j  java.util.Scanner.<init>(Ljava/io/InputStream;)V+12 java.base@16.0.2
j  WorldSim2.init()I+27
j  WorldSim2.main([Ljava/lang/String;)V+0
v  ~StubRoutines::call_stub

---------------  P R O C E S S  ---------------

Threads class SMR info:
_java_thread_list=0x000001fa32bb6b20, length=13, elements={
0x000001fa1894a780, 0x000001fa31e5e000, 0x000001fa31e5f050, 0x000001fa31eb35a0,
0x000001fa31eb50c0, 0x000001fa31eb7ae0, 0x000001fa31eb83f0, 0x000001fa328003b0,
0x000001fa31eb9a40, 0x000001fa32807b60, 0x000001fa32972690, 0x000001fa32ab0a40,
0x000001fa32bdc2f0
}

Java Threads: ( => current thread )
=>0x000001fa1894a780 JavaThread "main" [_thread_in_vm, id=12728, stack(0x00000053eec00000,0x00000053eed00000)]
  0x000001fa31e5e000 JavaThread "Reference Handler" daemon [_thread_blocked, id=8748, stack(0x00000053ef300000,0x00000053ef400000)]
  0x000001fa31e5f050 JavaThread "Finalizer" daemon [_thread_blocked, id=8860, stack(0x00000053ef400000,0x00000053ef500000)]
  0x000001fa31eb35a0 JavaThread "Signal Dispatcher" daemon [_thread_blocked, id=9348, stack(0x00000053ef500000,0x00000053ef600000)]
  0x000001fa31eb50c0 JavaThread "Attach Listener" daemon [_thread_blocked, id=13016, stack(0x00000053ef600000,0x00000053ef700000)]
  0x000001fa31eb7ae0 JavaThread "Service Thread" daemon [_thread_blocked, id=10628, stack(0x00000053ef700000,0x00000053ef800000)]
  0x000001fa31eb83f0 JavaThread "Monitor Deflation Thread" daemon [_thread_blocked, id=11400, stack(0x00000053ef800000,0x00000053ef900000)]
  0x000001fa328003b0 JavaThread "C2 CompilerThread0" daemon [_thread_blocked, id=11060, stack(0x00000053ef900000,0x00000053efa00000)]
  0x000001fa31eb9a40 JavaThread "C1 CompilerThread0" daemon [_thread_blocked, id=6568, stack(0x00000053efa00000,0x00000053efb00000)]
  0x000001fa32807b60 JavaThread "Sweeper thread" daemon [_thread_blocked, id=3140, stack(0x00000053efb00000,0x00000053efc00000)]
  0x000001fa32972690 JavaThread "Common-Cleaner" daemon [_thread_blocked, id=11568, stack(0x00000053efc00000,0x00000053efd00000)]
  0x000001fa32ab0a40 JavaThread "C2 CompilerThread1" daemon [_thread_blocked, id=6824, stack(0x00000053efd00000,0x00000053efe00000)]
  0x000001fa32bdc2f0 JavaThread "Notification Thread" daemon [_thread_blocked, id=9296, stack(0x00000053efe00000,0x00000053eff00000)]

Other Threads:
  0x000001fa31e744d0 VMThread "VM Thread" [stack: 0x00000053ef200000,0x00000053ef300000] [id=13084]
  0x000001fa1894b780 WatcherThread [stack: 0x00000053eff00000,0x00000053f0000000] [id=7540]
  0x000001fa1898ba00 GCTaskThread "GC Thread#0" [stack: 0x00000053eed00000,0x00000053eee00000] [id=11308]
  0x000001fa1899cdf0 ConcurrentGCThread "G1 Main Marker" [stack: 0x00000053eee00000,0x00000053eef00000] [id=10736]
  0x000001fa1899f3a0 ConcurrentGCThread "G1 Conc#0" [stack: 0x00000053eef00000,0x00000053ef000000] [id=2060]
  0x000001fa18a166f0 ConcurrentGCThread "G1 Refine#0" [stack: 0x00000053ef000000,0x00000053ef100000] [id=9260]
  0x000001fa18a17100 ConcurrentGCThread "G1 Service" [stack: 0x00000053ef100000,0x00000053ef200000] [id=5776]

Threads with active compile tasks:

VM state: not at safepoint (normal execution)

VM Mutex/Monitor currently owned by a thread:  ([mutex/lock_event])
[0x000001fa18945d40] MetaspaceExpand_lock - owner thread: 0x000001fa1894a780

Heap address: 0x0000000082000000, size: 2016 MB, Compressed Oops mode: 32-bit

CDS disabled.
Compressed class space mapped at: 0x0000000100000000-0x0000000140000000, reserved size: 1073741824
Narrow klass base: 0x0000000000000000, Narrow klass shift: 3, Narrow klass range: 0x140000000

GC Precious Log:
 CPUs: 4 total, 4 available
 Memory: 8057M
 Large Page Support: Disabled
 NUMA Support: Disabled
 Compressed Oops: Enabled (32-bit)
 Heap Region Size: 1M
 Heap Min Capacity: 8M
 Heap Initial Capacity: 126M
 Heap Max Capacity: 2016M
 Pre-touch: Disabled
 Parallel Workers: 4
 Concurrent Workers: 1
 Concurrent Refinement Workers: 4
 Periodic GC: Disabled

Heap:
 garbage-first heap   total 129024K, used 3072K [0x0000000082000000, 0x0000000100000000)
  region size 1024K, 4 young (4096K), 0 survivors (0K)
 Metaspace       used 7142K, committed 7296K, reserved 1056768K
  class space    used 617K, committed 704K, reserved 1048576K

Heap Regions: E=young(eden), S=young(survivor), O=old, HS=humongous(starts), HC=humongous(continues), CS=collection set, F=free, OA=open archive, CA=closed archive, TAMS=top-at-mark-start (previous, next)
|   0|0x0000000082000000, 0x0000000082000000, 0x0000000082100000|  0%| F|  |TAMS 0x0000000082000000, 0x0000000082000000| Untracked 
|   1|0x0000000082100000, 0x0000000082100000, 0x0000000082200000|  0%| F|  |TAMS 0x0000000082100000, 0x0000000082100000| Untracked 
|   2|0x0000000082200000, 0x0000000082200000, 0x0000000082300000|  0%| F|  |TAMS 0x0000000082200000, 0x0000000082200000| Untracked 
|   3|0x0000000082300000, 0x0000000082300000, 0x0000000082400000|  0%| F|  |TAMS 0x0000000082300000, 0x0000000082300000| Untracked 
|   4|0x0000000082400000, 0x0000000082400000, 0x0000000082500000|  0%| F|  |TAMS 0x0000000082400000, 0x0000000082400000| Untracked 
|   5|0x0000000082500000, 0x0000000082500000, 0x0000000082600000|  0%| F|  |TAMS 0x0000000082500000, 0x0000000082500000| Untracked 
|   6|0x0000000082600000, 0x0000000082600000, 0x0000000082700000|  0%| F|  |TAMS 0x0000000082600000, 0x0000000082600000| Untracked 
|   7|0x0000000082700000, 0x0000000082700000, 0x0000000082800000|  0%| F|  |TAMS 0x0000000082700000, 0x0000000082700000| Untracked 
|   8|0x0000000082800000, 0x0000000082800000, 0x0000000082900000|  0%| F|  |TAMS 0x0000000082800000, 0x0000000082800000| Untracked 
|   9|0x0000000082900000, 0x0000000082900000, 0x0000000082a00000|  0%| F|  |TAMS 0x0000000082900000, 0x0000000082900000| Untracked 
|  10|0x0000000082a00000, 0x0000000082a00000, 0x0000000082b00000|  0%| F|  |TAMS 0x0000000082a00000, 0x0000000082a00000| Untracked 
|  11|0x0000000082b00000, 0x0000000082b00000, 0x0000000082c00000|  0%| F|  |TAMS 0x0000000082b00000, 0x0000000082b00000| Untracked 
|  12|0x0000000082c00000, 0x0000000082c00000, 0x0000000082d00000|  0%| F|  |TAMS 0x0000000082c00000, 0x0000000082c00000| Untracked 
|  13|0x0000000082d00000, 0x0000000082d00000, 0x0000000082e00000|  0%| F|  |TAMS 0x0000000082d00000, 0x0000000082d00000| Untracked 
|  14|0x0000000082e00000, 0x0000000082e00000, 0x0000000082f00000|  0%| F|  |TAMS 0x0000000082e00000, 0x0000000082e00000| Untracked 
|  15|0x0000000082f00000, 0x0000000082f00000, 0x0000000083000000|  0%| F|  |TAMS 0x0000000082f00000, 0x0000000082f00000| Untracked 
|  16|0x0000000083000000, 0x0000000083000000, 0x0000000083100000|  0%| F|  |TAMS 0x0000000083000000, 0x0000000083000000| Untracked 
|  17|0x0000000083100000, 0x0000000083100000, 0x0000000083200000|  0%| F|  |TAMS 0x0000000083100000, 0x0000000083100000| Untracked 
|  18|0x0000000083200000, 0x0000000083200000, 0x0000000083300000|  0%| F|  |TAMS 0x0000000083200000, 0x0000000083200000| Untracked 
|  19|0x0000000083300000, 0x0000000083300000, 0x0000000083400000|  0%| F|  |TAMS 0x0000000083300000, 0x0000000083300000| Untracked 
|  20|0x0000000083400000, 0x0000000083400000, 0x0000000083500000|  0%| F|  |TAMS 0x0000000083400000, 0x0000000083400000| Untracked 
|  21|0x0000000083500000, 0x0000000083500000, 0x0000000083600000|  0%| F|  |TAMS 0x0000000083500000, 0x0000000083500000| Untracked 
|  22|0x0000000083600000, 0x0000000083600000, 0x0000000083700000|  0%| F|  |TAMS 0x0000000083600000, 0x0000000083600000| Untracked 
|  23|0x0000000083700000, 0x0000000083700000, 0x0000000083800000|  0%| F|  |TAMS 0x0000000083700000, 0x0000000083700000| Untracked 
|  24|0x0000000083800000, 0x0000000083800000, 0x0000000083900000|  0%| F|  |TAMS 0x0000000083800000, 0x0000000083800000| Untracked 
|  25|0x0000000083900000, 0x0000000083900000, 0x0000000083a00000|  0%| F|  |TAMS 0x0000000083900000, 0x0000000083900000| Untracked 
|  26|0x0000000083a00000, 0x0000000083a00000, 0x0000000083b00000|  0%| F|  |TAMS 0x0000000083a00000, 0x0000000083a00000| Untracked 
|  27|0x0000000083b00000, 0x0000000083b00000, 0x0000000083c00000|  0%| F|  |TAMS 0x0000000083b00000, 0x0000000083b00000| Untracked 
|  28|0x0000000083c00000, 0x0000000083c00000, 0x0000000083d00000|  0%| F|  |TAMS 0x0000000083c00000, 0x0000000083c00000| Untracked 
|  29|0x0000000083d00000, 0x0000000083d00000, 0x0000000083e00000|  0%| F|  |TAMS 0x0000000083d00000, 0x0000000083d00000| Untracked 
|  30|0x0000000083e00000, 0x0000000083e00000, 0x0000000083f00000|  0%| F|  |TAMS 0x0000000083e00000, 0x0000000083e00000| Untracked 
|  31|0x0000000083f00000, 0x0000000083f00000, 0x0000000084000000|  0%| F|  |TAMS 0x0000000083f00000, 0x0000000083f00000| Untracked 
|  32|0x0000000084000000, 0x0000000084000000, 0x0000000084100000|  0%| F|  |TAMS 0x0000000084000000, 0x0000000084000000| Untracked 
|  33|0x0000000084100000, 0x0000000084100000, 0x0000000084200000|  0%| F|  |TAMS 0x0000000084100000, 0x0000000084100000| Untracked 
|  34|0x0000000084200000, 0x0000000084200000, 0x0000000084300000|  0%| F|  |TAMS 0x0000000084200000, 0x0000000084200000| Untracked 
|  35|0x0000000084300000, 0x0000000084300000, 0x0000000084400000|  0%| F|  |TAMS 0x0000000084300000, 0x0000000084300000| Untracked 
|  36|0x0000000084400000, 0x0000000084400000, 0x0000000084500000|  0%| F|  |TAMS 0x0000000084400000, 0x0000000084400000| Untracked 
|  37|0x0000000084500000, 0x0000000084500000, 0x0000000084600000|  0%| F|  |TAMS 0x0000000084500000, 0x0000000084500000| Untracked 
|  38|0x0000000084600000, 0x0000000084600000, 0x0000000084700000|  0%| F|  |TAMS 0x0000000084600000, 0x0000000084600000| Untracked 
|  39|0x0000000084700000, 0x0000000084700000, 0x0000000084800000|  0%| F|  |TAMS 0x0000000084700000, 0x0000000084700000| Untracked 
|  40|0x0000000084800000, 0x0000000084800000, 0x0000000084900000|  0%| F|  |TAMS 0x0000000084800000, 0x0000000084800000| Untracked 
|  41|0x0000000084900000, 0x0000000084900000, 0x0000000084a00000|  0%| F|  |TAMS 0x0000000084900000, 0x0000000084900000| Untracked 
|  42|0x0000000084a00000, 0x0000000084a00000, 0x0000000084b00000|  0%| F|  |TAMS 0x0000000084a00000, 0x0000000084a00000| Untracked 
|  43|0x0000000084b00000, 0x0000000084b00000, 0x0000000084c00000|  0%| F|  |TAMS 0x0000000084b00000, 0x0000000084b00000| Untracked 
|  44|0x0000000084c00000, 0x0000000084c00000, 0x0000000084d00000|  0%| F|  |TAMS 0x0000000084c00000, 0x0000000084c00000| Untracked 
|  45|0x0000000084d00000, 0x0000000084d00000, 0x0000000084e00000|  0%| F|  |TAMS 0x0000000084d00000, 0x0000000084d00000| Untracked 
|  46|0x0000000084e00000, 0x0000000084e00000, 0x0000000084f00000|  0%| F|  |TAMS 0x0000000084e00000, 0x0000000084e00000| Untracked 
|  47|0x0000000084f00000, 0x0000000084f00000, 0x0000000085000000|  0%| F|  |TAMS 0x0000000084f00000, 0x0000000084f00000| Untracked 
|  48|0x0000000085000000, 0x0000000085000000, 0x0000000085100000|  0%| F|  |TAMS 0x0000000085000000, 0x0000000085000000| Untracked 
|  49|0x0000000085100000, 0x0000000085100000, 0x0000000085200000|  0%| F|  |TAMS 0x0000000085100000, 0x0000000085100000| Untracked 
|  50|0x0000000085200000, 0x0000000085200000, 0x0000000085300000|  0%| F|  |TAMS 0x0000000085200000, 0x0000000085200000| Untracked 
|  51|0x0000000085300000, 0x0000000085300000, 0x0000000085400000|  0%| F|  |TAMS 0x0000000085300000, 0x0000000085300000| Untracked 
|  52|0x0000000085400000, 0x0000000085400000, 0x0000000085500000|  0%| F|  |TAMS 0x0000000085400000, 0x0000000085400000| Untracked 
|  53|0x0000000085500000, 0x0000000085500000, 0x0000000085600000|  0%| F|  |TAMS 0x0000000085500000, 0x0000000085500000| Untracked 
|  54|0x0000000085600000, 0x0000000085600000, 0x0000000085700000|  0%| F|  |TAMS 0x0000000085600000, 0x0000000085600000| Untracked 
|  55|0x0000000085700000, 0x0000000085700000, 0x0000000085800000|  0%| F|  |TAMS 0x0000000085700000, 0x0000000085700000| Untracked 
|  56|0x0000000085800000, 0x0000000085800000, 0x0000000085900000|  0%| F|  |TAMS 0x0000000085800000, 0x0000000085800000| Untracked 
|  57|0x0000000085900000, 0x0000000085900000, 0x0000000085a00000|  0%| F|  |TAMS 0x0000000085900000, 0x0000000085900000| Untracked 
|  58|0x0000000085a00000, 0x0000000085a00000, 0x0000000085b00000|  0%| F|  |TAMS 0x0000000085a00000, 0x0000000085a00000| Untracked 
|  59|0x0000000085b00000, 0x0000000085b00000, 0x0000000085c00000|  0%| F|  |TAMS 0x0000000085b00000, 0x0000000085b00000| Untracked 
|  60|0x0000000085c00000, 0x0000000085c00000, 0x0000000085d00000|  0%| F|  |TAMS 0x0000000085c00000, 0x0000000085c00000| Untracked 
|  61|0x0000000085d00000, 0x0000000085d00000, 0x0000000085e00000|  0%| F|  |TAMS 0x0000000085d00000, 0x0000000085d00000| Untracked 
|  62|0x0000000085e00000, 0x0000000085e00000, 0x0000000085f00000|  0%| F|  |TAMS 0x0000000085e00000, 0x0000000085e00000| Untracked 
|  63|0x0000000085f00000, 0x0000000085f00000, 0x0000000086000000|  0%| F|  |TAMS 0x0000000085f00000, 0x0000000085f00000| Untracked 
|  64|0x0000000086000000, 0x0000000086000000, 0x0000000086100000|  0%| F|  |TAMS 0x0000000086000000, 0x0000000086000000| Untracked 
|  65|0x0000000086100000, 0x0000000086100000, 0x0000000086200000|  0%| F|  |TAMS 0x0000000086100000, 0x0000000086100000| Untracked 
|  66|0x0000000086200000, 0x0000000086200000, 0x0000000086300000|  0%| F|  |TAMS 0x0000000086200000, 0x0000000086200000| Untracked 
|  67|0x0000000086300000, 0x0000000086300000, 0x0000000086400000|  0%| F|  |TAMS 0x0000000086300000, 0x0000000086300000| Untracked 
|  68|0x0000000086400000, 0x0000000086400000, 0x0000000086500000|  0%| F|  |TAMS 0x0000000086400000, 0x0000000086400000| Untracked 
|  69|0x0000000086500000, 0x0000000086500000, 0x0000000086600000|  0%| F|  |TAMS 0x0000000086500000, 0x0000000086500000| Untracked 
|  70|0x0000000086600000, 0x0000000086600000, 0x0000000086700000|  0%| F|  |TAMS 0x0000000086600000, 0x0000000086600000| Untracked 
|  71|0x0000000086700000, 0x0000000086700000, 0x0000000086800000|  0%| F|  |TAMS 0x0000000086700000, 0x0000000086700000| Untracked 
|  72|0x0000000086800000, 0x0000000086800000, 0x0000000086900000|  0%| F|  |TAMS 0x0000000086800000, 0x0000000086800000| Untracked 
|  73|0x0000000086900000, 0x0000000086900000, 0x0000000086a00000|  0%| F|  |TAMS 0x0000000086900000, 0x0000000086900000| Untracked 
|  74|0x0000000086a00000, 0x0000000086a00000, 0x0000000086b00000|  0%| F|  |TAMS 0x0000000086a00000, 0x0000000086a00000| Untracked 
|  75|0x0000000086b00000, 0x0000000086b00000, 0x0000000086c00000|  0%| F|  |TAMS 0x0000000086b00000, 0x0000000086b00000| Untracked 
|  76|0x0000000086c00000, 0x0000000086c00000, 0x0000000086d00000|  0%| F|  |TAMS 0x0000000086c00000, 0x0000000086c00000| Untracked 
|  77|0x0000000086d00000, 0x0000000086d00000, 0x0000000086e00000|  0%| F|  |TAMS 0x0000000086d00000, 0x0000000086d00000| Untracked 
|  78|0x0000000086e00000, 0x0000000086e00000, 0x0000000086f00000|  0%| F|  |TAMS 0x0000000086e00000, 0x0000000086e00000| Untracked 
|  79|0x0000000086f00000, 0x0000000086f00000, 0x0000000087000000|  0%| F|  |TAMS 0x0000000086f00000, 0x0000000086f00000| Untracked 
|  80|0x0000000087000000, 0x0000000087000000, 0x0000000087100000|  0%| F|  |TAMS 0x0000000087000000, 0x0000000087000000| Untracked 
|  81|0x0000000087100000, 0x0000000087100000, 0x0000000087200000|  0%| F|  |TAMS 0x0000000087100000, 0x0000000087100000| Untracked 
|  82|0x0000000087200000, 0x0000000087200000, 0x0000000087300000|  0%| F|  |TAMS 0x0000000087200000, 0x0000000087200000| Untracked 
|  83|0x0000000087300000, 0x0000000087300000, 0x0000000087400000|  0%| F|  |TAMS 0x0000000087300000, 0x0000000087300000| Untracked 
|  84|0x0000000087400000, 0x0000000087400000, 0x0000000087500000|  0%| F|  |TAMS 0x0000000087400000, 0x0000000087400000| Untracked 
|  85|0x0000000087500000, 0x0000000087500000, 0x0000000087600000|  0%| F|  |TAMS 0x0000000087500000, 0x0000000087500000| Untracked 
|  86|0x0000000087600000, 0x0000000087600000, 0x0000000087700000|  0%| F|  |TAMS 0x0000000087600000, 0x0000000087600000| Untracked 
|  87|0x0000000087700000, 0x0000000087700000, 0x0000000087800000|  0%| F|  |TAMS 0x0000000087700000, 0x0000000087700000| Untracked 
|  88|0x0000000087800000, 0x0000000087800000, 0x0000000087900000|  0%| F|  |TAMS 0x0000000087800000, 0x0000000087800000| Untracked 
|  89|0x0000000087900000, 0x0000000087900000, 0x0000000087a00000|  0%| F|  |TAMS 0x0000000087900000, 0x0000000087900000| Untracked 
|  90|0x0000000087a00000, 0x0000000087a00000, 0x0000000087b00000|  0%| F|  |TAMS 0x0000000087a00000, 0x0000000087a00000| Untracked 
|  91|0x0000000087b00000, 0x0000000087b00000, 0x0000000087c00000|  0%| F|  |TAMS 0x0000000087b00000, 0x0000000087b00000| Untracked 
|  92|0x0000000087c00000, 0x0000000087c00000, 0x0000000087d00000|  0%| F|  |TAMS 0x0000000087c00000, 0x0000000087c00000| Untracked 
|  93|0x0000000087d00000, 0x0000000087d00000, 0x0000000087e00000|  0%| F|  |TAMS 0x0000000087d00000, 0x0000000087d00000| Untracked 
|  94|0x0000000087e00000, 0x0000000087e00000, 0x0000000087f00000|  0%| F|  |TAMS 0x0000000087e00000, 0x0000000087e00000| Untracked 
|  95|0x0000000087f00000, 0x0000000087f00000, 0x0000000088000000|  0%| F|  |TAMS 0x0000000087f00000, 0x0000000087f00000| Untracked 
|  96|0x0000000088000000, 0x0000000088000000, 0x0000000088100000|  0%| F|  |TAMS 0x0000000088000000, 0x0000000088000000| Untracked 
|  97|0x0000000088100000, 0x0000000088100000, 0x0000000088200000|  0%| F|  |TAMS 0x0000000088100000, 0x0000000088100000| Untracked 
|  98|0x0000000088200000, 0x0000000088200000, 0x0000000088300000|  0%| F|  |TAMS 0x0000000088200000, 0x0000000088200000| Untracked 
|  99|0x0000000088300000, 0x0000000088300000, 0x0000000088400000|  0%| F|  |TAMS 0x0000000088300000, 0x0000000088300000| Untracked 
| 100|0x0000000088400000, 0x0000000088400000, 0x0000000088500000|  0%| F|  |TAMS 0x0000000088400000, 0x0000000088400000| Untracked 
| 101|0x0000000088500000, 0x0000000088500000, 0x0000000088600000|  0%| F|  |TAMS 0x0000000088500000, 0x0000000088500000| Untracked 
| 102|0x0000000088600000, 0x0000000088600000, 0x0000000088700000|  0%| F|  |TAMS 0x0000000088600000, 0x0000000088600000| Untracked 
| 103|0x0000000088700000, 0x0000000088700000, 0x0000000088800000|  0%| F|  |TAMS 0x0000000088700000, 0x0000000088700000| Untracked 
| 104|0x0000000088800000, 0x0000000088800000, 0x0000000088900000|  0%| F|  |TAMS 0x0000000088800000, 0x0000000088800000| Untracked 
| 105|0x0000000088900000, 0x0000000088900000, 0x0000000088a00000|  0%| F|  |TAMS 0x0000000088900000, 0x0000000088900000| Untracked 
| 106|0x0000000088a00000, 0x0000000088a00000, 0x0000000088b00000|  0%| F|  |TAMS 0x0000000088a00000, 0x0000000088a00000| Untracked 
| 107|0x0000000088b00000, 0x0000000088b00000, 0x0000000088c00000|  0%| F|  |TAMS 0x0000000088b00000, 0x0000000088b00000| Untracked 
| 108|0x0000000088c00000, 0x0000000088c00000, 0x0000000088d00000|  0%| F|  |TAMS 0x0000000088c00000, 0x0000000088c00000| Untracked 
| 109|0x0000000088d00000, 0x0000000088d00000, 0x0000000088e00000|  0%| F|  |TAMS 0x0000000088d00000, 0x0000000088d00000| Untracked 
| 110|0x0000000088e00000, 0x0000000088e00000, 0x0000000088f00000|  0%| F|  |TAMS 0x0000000088e00000, 0x0000000088e00000| Untracked 
| 111|0x0000000088f00000, 0x0000000088f00000, 0x0000000089000000|  0%| F|  |TAMS 0x0000000088f00000, 0x0000000088f00000| Untracked 
| 112|0x0000000089000000, 0x0000000089000000, 0x0000000089100000|  0%| F|  |TAMS 0x0000000089000000, 0x0000000089000000| Untracked 
| 113|0x0000000089100000, 0x0000000089100000, 0x0000000089200000|  0%| F|  |TAMS 0x0000000089100000, 0x0000000089100000| Untracked 
| 114|0x0000000089200000, 0x0000000089200000, 0x0000000089300000|  0%| F|  |TAMS 0x0000000089200000, 0x0000000089200000| Untracked 
| 115|0x0000000089300000, 0x0000000089300000, 0x0000000089400000|  0%| F|  |TAMS 0x0000000089300000, 0x0000000089300000| Untracked 
| 116|0x0000000089400000, 0x0000000089400000, 0x0000000089500000|  0%| F|  |TAMS 0x0000000089400000, 0x0000000089400000| Untracked 
| 117|0x0000000089500000, 0x0000000089500000, 0x0000000089600000|  0%| F|  |TAMS 0x0000000089500000, 0x0000000089500000| Untracked 
| 118|0x0000000089600000, 0x0000000089600000, 0x0000000089700000|  0%| F|  |TAMS 0x0000000089600000, 0x0000000089600000| Untracked 
| 119|0x0000000089700000, 0x0000000089700000, 0x0000000089800000|  0%| F|  |TAMS 0x0000000089700000, 0x0000000089700000| Untracked 
| 120|0x0000000089800000, 0x0000000089800000, 0x0000000089900000|  0%| F|  |TAMS 0x0000000089800000, 0x0000000089800000| Untracked 
| 121|0x0000000089900000, 0x0000000089900000, 0x0000000089a00000|  0%| F|  |TAMS 0x0000000089900000, 0x0000000089900000| Untracked 
| 122|0x0000000089a00000, 0x0000000089a43168, 0x0000000089b00000| 26%| E|  |TAMS 0x0000000089a00000, 0x0000000089a00000| Complete 
| 123|0x0000000089b00000, 0x0000000089c00000, 0x0000000089c00000|100%| E|CS|TAMS 0x0000000089b00000, 0x0000000089b00000| Complete 
| 124|0x0000000089c00000, 0x0000000089d00000, 0x0000000089d00000|100%| E|CS|TAMS 0x0000000089c00000, 0x0000000089c00000| Complete 
| 125|0x0000000089d00000, 0x0000000089e00000, 0x0000000089e00000|100%| E|CS|TAMS 0x0000000089d00000, 0x0000000089d00000| Complete 

Card table byte_map: [0x000001fa2b2b0000,0x000001fa2b6a0000] _byte_map_base: 0x000001fa2aea0000

Marking Bits (Prev, Next): (CMBitMap*) 0x000001fa1898c000, (CMBitMap*) 0x000001fa1898c040
 Prev Bits: [0x000001fa2ba90000, 0x000001fa2da10000)
 Next Bits: [0x000001fa2da10000, 0x000001fa2f990000)

Polling page: 0x000001fa167c0000

Metaspace:

Usage:
  Non-class:      6.37 MB used.
      Class:    617.64 KB used.
       Both:      6.98 MB used.

Virtual space:
  Non-class space:        8.00 MB reserved,       6.44 MB ( 80%) committed,  1 nodes.
      Class space:        1.00 GB reserved,     704.00 KB ( <1%) committed,  1 nodes.
              Both:        1.01 GB reserved,       7.13 MB ( <1%) committed. 

Chunk freelists:
   Non-Class:  1020.00 KB
       Class:  3.25 MB
        Both:  4.24 MB

MaxMetaspaceSize: 17179869184.00 GB
CompressedClassSpaceSize: 1.00 GB
 - commit_granule_bytes: 65536.
 - commit_granule_words: 8192.
 - virtual_space_node_default_size: 1048576.
 - enlarge_chunks_in_place: 1.
 - new_chunks_are_fully_committed: 0.
 - uncommit_free_chunks: 1.
 - use_allocation_guard: 0.
 - handle_deallocations: 1.


Internal statistics:

num_allocs_failed_limit: 0.
num_arena_births: 8.
num_arena_deaths: 0.
num_vsnodes_births: 2.
num_vsnodes_deaths: 0.
num_space_committed: 114.
num_space_uncommitted: 0.
num_chunks_returned_to_freelist: 0.
num_chunks_taken_from_freelist: 27.
num_chunk_merges: 0.
num_chunk_splits: 8.
num_chunks_enlarged: 2.
num_purges: 0.

CodeHeap 'non-profiled nmethods': size=120000Kb used=112Kb max_used=112Kb free=119887Kb
 bounds [0x000001fa23990000, 0x000001fa23c00000, 0x000001fa2aec0000]
CodeHeap 'profiled nmethods': size=120000Kb used=502Kb max_used=502Kb free=119498Kb
 bounds [0x000001fa1c460000, 0x000001fa1c6d0000, 0x000001fa23990000]
CodeHeap 'non-nmethods': size=5760Kb used=1098Kb max_used=1114Kb free=4661Kb
 bounds [0x000001fa1bec0000, 0x000001fa1c130000, 0x000001fa1c460000]
 total_blobs=748 nmethods=381 adapters=280
 compilation: enabled
              stopped_count=0, restarted_count=0
 full_count=0

Compilation events (20 events):
Event: 0.293 Thread 0x000001fa31eb9a40  372       3       java.lang.reflect.Modifier::isProtected (12 bytes)
Event: 0.293 Thread 0x000001fa31eb9a40 nmethod 372 0x000001fa1c4d9410 code [0x000001fa1c4d95a0, 0x000001fa1c4d96f8]
Event: 0.294 Thread 0x000001fa31eb9a40  373       3       java.util.StringTokenizer::skipDelimiters (116 bytes)
Event: 0.294 Thread 0x000001fa328003b0  375       4       java.lang.String::charAt (25 bytes)
Event: 0.295 Thread 0x000001fa328003b0 nmethod 375 0x000001fa239aa790 code [0x000001fa239aa920, 0x000001fa239aaa08]
Event: 0.295 Thread 0x000001fa31eb9a40 nmethod 373 0x000001fa1c4d9790 code [0x000001fa1c4d9a40, 0x000001fa1c4da768]
Event: 0.295 Thread 0x000001fa31eb9a40  374       3       java.util.StringTokenizer::scanToken (179 bytes)
Event: 0.296 Thread 0x000001fa32ab0a40  376       4       java.util.HashMap::put (13 bytes)
Event: 0.296 Thread 0x000001fa31eb9a40 nmethod 374 0x000001fa1c4dac10 code [0x000001fa1c4daf80, 0x000001fa1c4dc598]
Event: 0.297 Thread 0x000001fa328003b0  377       4       java.lang.String::checkBoundsBeginEnd (63 bytes)
Event: 0.297 Thread 0x000001fa32ab0a40 nmethod 376 0x000001fa239aab10 code [0x000001fa239aaca0, 0x000001fa239aade8]
Event: 0.298 Thread 0x000001fa31eb9a40  378       3       java.util.StringTokenizer::hasMoreTokens (29 bytes)
Event: 0.298 Thread 0x000001fa31eb9a40 nmethod 378 0x000001fa1c4dcd90 code [0x000001fa1c4dcf40, 0x000001fa1c4dd0e8]
Event: 0.298 Thread 0x000001fa31eb9a40  379       3       java.util.StringTokenizer::nextToken (92 bytes)
Event: 0.298 Thread 0x000001fa328003b0 nmethod 377 0x000001fa239aaf10 code [0x000001fa239ab0a0, 0x000001fa239ab158]
Event: 0.298 Thread 0x000001fa328003b0  380       4       java.lang.String::substring (58 bytes)
Event: 0.298 Thread 0x000001fa31eb9a40 nmethod 379 0x000001fa1c4dd190 code [0x000001fa1c4dd380, 0x000001fa1c4dd6b8]
Event: 0.299 Thread 0x000001fa32ab0a40  381       4       java.lang.StringLatin1::newString (24 bytes)
Event: 0.302 Thread 0x000001fa32ab0a40 nmethod 381 0x000001fa239ab210 code [0x000001fa239ab3a0, 0x000001fa239ab798]
Event: 0.304 Thread 0x000001fa328003b0 nmethod 380 0x000001fa239ab990 code [0x000001fa239abb40, 0x000001fa239ac038]

GC Heap History (0 events):
No events

Deoptimization events (12 events):
Event: 0.240 Thread 0x000001fa1894a780 Uncommon trap: trap_request=0xffffff45 fr.pc=0x000001fa239a4524 relative=0x0000000000000664
Event: 0.240 Thread 0x000001fa1894a780 Uncommon trap: reason=unstable_if action=reinterpret pc=0x000001fa239a4524 method=java.util.ImmutableCollections$SetN.probe(Ljava/lang/Object;)I @ 34 c2
Event: 0.240 Thread 0x000001fa1894a780 DEOPT PACKING pc=0x000001fa239a4524 sp=0x00000053eecfec20
Event: 0.240 Thread 0x000001fa1894a780 DEOPT UNPACKING pc=0x000001fa1bf0d72e sp=0x00000053eecfebc0 mode 2
Event: 0.263 Thread 0x000001fa1894a780 Uncommon trap: trap_request=0xffffff45 fr.pc=0x000001fa23999a18 relative=0x0000000000000078
Event: 0.263 Thread 0x000001fa1894a780 Uncommon trap: reason=unstable_if action=reinterpret pc=0x000001fa23999a18 method=java.lang.String.isLatin1()Z @ 10 c2
Event: 0.263 Thread 0x000001fa1894a780 DEOPT PACKING pc=0x000001fa23999a18 sp=0x00000053eecfeea0
Event: 0.263 Thread 0x000001fa1894a780 DEOPT UNPACKING pc=0x000001fa1bf0d72e sp=0x00000053eecfede0 mode 2
Event: 0.263 Thread 0x000001fa1894a780 Uncommon trap: trap_request=0xffffff45 fr.pc=0x000001fa239a1d9c relative=0x000000000000045c
Event: 0.263 Thread 0x000001fa1894a780 Uncommon trap: reason=unstable_if action=reinterpret pc=0x000001fa239a1d9c method=java.lang.StringLatin1.replace([BCC)Ljava/lang/String; @ 19 c2
Event: 0.263 Thread 0x000001fa1894a780 DEOPT PACKING pc=0x000001fa239a1d9c sp=0x00000053eecff2a0
Event: 0.263 Thread 0x000001fa1894a780 DEOPT UNPACKING pc=0x000001fa1bf0d72e sp=0x00000053eecff220 mode 2

Classes unloaded (0 events):
No events

Classes redefined (0 events):
No events

Internal exceptions (0 events):
No events

Events (20 events):
Event: 0.290 loading class jdk/internal/jimage/decompressor/ZipDecompressor done
Event: 0.291 loading class sun/net/www/protocol/jrt/Handler
Event: 0.291 loading class sun/net/www/protocol/jrt/Handler done
Event: 0.292 loading class java/util/ServiceLoader$1
Event: 0.292 loading class java/util/ServiceLoader$1 done
Event: 0.292 loading class java/util/ServiceLoader$ProviderImpl
Event: 0.292 loading class java/util/ServiceLoader$Provider
Event: 0.292 loading class java/util/ServiceLoader$Provider done
Event: 0.292 loading class java/util/ServiceLoader$ProviderImpl done
Event: 0.293 loading class sun/util/locale/provider/NumberFormatProviderImpl
Event: 0.293 loading class sun/util/locale/provider/AvailableLanguageTags
Event: 0.293 loading class sun/util/locale/provider/AvailableLanguageTags done
Event: 0.293 loading class sun/util/locale/provider/NumberFormatProviderImpl done
Event: 0.293 loading class java/util/StringTokenizer
Event: 0.293 loading class java/util/StringTokenizer done
Event: 0.303 loading class java/util/Collections$EmptyIterator
Event: 0.303 loading class java/util/Collections$EmptyIterator done
Event: 0.303 loading class sun/util/locale/provider/CalendarDataUtility
Event: 0.303 loading class sun/util/locale/provider/CalendarDataUtility done
Event: 0.303 loading class java/util/Locale$Builder


Dynamic libraries:
0x00007ff7e9e20000 - 0x00007ff7e9e2e000 	C:\Users\Darin\.p2\pool\plugins\org.eclipse.justj.openjdk.hotspot.jre.full.win32.x86_64_16.0.2.v20210721-1149\jre\bin\javaw.exe
0x00007ffa85e60000 - 0x00007ffa86050000 	C:\Windows\SYSTEM32\ntdll.dll
0x00007ffa85d60000 - 0x00007ffa85e12000 	C:\Windows\System32\KERNEL32.DLL
0x00007ffa83980000 - 0x00007ffa83c25000 	C:\Windows\System32\KERNELBASE.dll
0x00007ffa835d0000 - 0x00007ffa836ca000 	C:\Windows\System32\ucrtbase.dll
0x00007ffa7cfd0000 - 0x00007ffa7cfe8000 	C:\Users\Darin\.p2\pool\plugins\org.eclipse.justj.openjdk.hotspot.jre.full.win32.x86_64_16.0.2.v20210721-1149\jre\bin\jli.dll
0x00007ffa85260000 - 0x00007ffa853f4000 	C:\Windows\System32\USER32.dll
0x00007ffa82dd0000 - 0x00007ffa82df1000 	C:\Windows\System32\win32u.dll
0x00007ffa84390000 - 0x00007ffa843b6000 	C:\Windows\System32\GDI32.dll
0x00007ffa83c90000 - 0x00007ffa83e28000 	C:\Windows\System32\gdi32full.dll
0x00007ffa836d0000 - 0x00007ffa8376e000 	C:\Windows\System32\msvcp_win.dll
0x00007ffa7cfb0000 - 0x00007ffa7cfc9000 	C:\Users\Darin\.p2\pool\plugins\org.eclipse.justj.openjdk.hotspot.jre.full.win32.x86_64_16.0.2.v20210721-1149\jre\bin\VCRUNTIME140.dll
0x00007ffa70100000 - 0x00007ffa70384000 	C:\Windows\WinSxS\amd64_microsoft.windows.common-controls_6595b64144ccf1df_6.0.18362.1556_none_9e7e372fe45e41d5\COMCTL32.dll
0x00007ffa84760000 - 0x00007ffa847fe000 	C:\Windows\System32\msvcrt.dll
0x00007ffa84940000 - 0x00007ffa84c76000 	C:\Windows\System32\combase.dll
0x00007ffa83fc0000 - 0x00007ffa840df000 	C:\Windows\System32\RPCRT4.dll
0x00007ffa83e30000 - 0x00007ffa83eb1000 	C:\Windows\System32\bcryptPrimitives.dll
0x00007ffa84c80000 - 0x00007ffa84cae000 	C:\Windows\System32\IMM32.DLL
0x00007ffa7f7d0000 - 0x00007ffa7f7dc000 	C:\Users\Darin\.p2\pool\plugins\org.eclipse.justj.openjdk.hotspot.jre.full.win32.x86_64_16.0.2.v20210721-1149\jre\bin\vcruntime140_1.dll
0x00007ffa7bf10000 - 0x00007ffa7bfa1000 	C:\Users\Darin\.p2\pool\plugins\org.eclipse.justj.openjdk.hotspot.jre.full.win32.x86_64_16.0.2.v20210721-1149\jre\bin\msvcp140.dll
0x00007ffa46d10000 - 0x00007ffa478bb000 	C:\Users\Darin\.p2\pool\plugins\org.eclipse.justj.openjdk.hotspot.jre.full.win32.x86_64_16.0.2.v20210721-1149\jre\bin\server\jvm.dll
0x00007ffa842e0000 - 0x00007ffa84383000 	C:\Windows\System32\ADVAPI32.dll
0x00007ffa85cc0000 - 0x00007ffa85d57000 	C:\Windows\System32\sechost.dll
0x00007ffa843c0000 - 0x00007ffa843c8000 	C:\Windows\System32\PSAPI.DLL
0x00007ffa7f850000 - 0x00007ffa7f859000 	C:\Windows\SYSTEM32\WSOCK32.dll
0x00007ffa848c0000 - 0x00007ffa8492f000 	C:\Windows\System32\WS2_32.dll
0x00007ffa7f0e0000 - 0x00007ffa7f104000 	C:\Windows\SYSTEM32\WINMM.dll
0x00007ffa7c270000 - 0x00007ffa7c27a000 	C:\Windows\SYSTEM32\VERSION.dll
0x00007ffa7f050000 - 0x00007ffa7f07d000 	C:\Windows\SYSTEM32\winmmbase.dll
0x00007ffa83580000 - 0x00007ffa835ca000 	C:\Windows\System32\cfgmgr32.dll
0x00007ffa82d70000 - 0x00007ffa82d81000 	C:\Windows\System32\kernel.appcore.dll
0x00007ffa7f840000 - 0x00007ffa7f84a000 	C:\Users\Darin\.p2\pool\plugins\org.eclipse.justj.openjdk.hotspot.jre.full.win32.x86_64_16.0.2.v20210721-1149\jre\bin\jimage.dll
0x00007ffa71ce0000 - 0x00007ffa71ed4000 	C:\Windows\SYSTEM32\DBGHELP.DLL
0x00007ffa71cb0000 - 0x00007ffa71cda000 	C:\Windows\SYSTEM32\dbgcore.DLL
0x00007ffa7f1b0000 - 0x00007ffa7f1d5000 	C:\Users\Darin\.p2\pool\plugins\org.eclipse.justj.openjdk.hotspot.jre.full.win32.x86_64_16.0.2.v20210721-1149\jre\bin\java.dll
0x00007ffa7d440000 - 0x00007ffa7d458000 	C:\Users\Darin\.p2\pool\plugins\org.eclipse.justj.openjdk.hotspot.jre.full.win32.x86_64_16.0.2.v20210721-1149\jre\bin\zip.dll
0x00007ffa855b0000 - 0x00007ffa85c97000 	C:\Windows\System32\SHELL32.dll
0x00007ffa84230000 - 0x00007ffa842d8000 	C:\Windows\System32\shcore.dll
0x00007ffa82e00000 - 0x00007ffa8357b000 	C:\Windows\System32\windows.storage.dll
0x00007ffa82db0000 - 0x00007ffa82dce000 	C:\Windows\System32\profapi.dll
0x00007ffa82d20000 - 0x00007ffa82d6a000 	C:\Windows\System32\powrprof.dll
0x00007ffa82d10000 - 0x00007ffa82d20000 	C:\Windows\System32\UMPDC.dll
0x00007ffa84800000 - 0x00007ffa84852000 	C:\Windows\System32\shlwapi.dll
0x00007ffa83ef0000 - 0x00007ffa83f07000 	C:\Windows\System32\cryptsp.dll
0x00007ffa7d320000 - 0x00007ffa7d339000 	C:\Users\Darin\.p2\pool\plugins\org.eclipse.justj.openjdk.hotspot.jre.full.win32.x86_64_16.0.2.v20210721-1149\jre\bin\net.dll
0x00007ffa73c10000 - 0x00007ffa73d0a000 	C:\Windows\SYSTEM32\WINHTTP.dll
0x00007ffa82550000 - 0x00007ffa825b7000 	C:\Windows\system32\mswsock.dll
0x00007ffa7d190000 - 0x00007ffa7d1a3000 	C:\Users\Darin\.p2\pool\plugins\org.eclipse.justj.openjdk.hotspot.jre.full.win32.x86_64_16.0.2.v20210721-1149\jre\bin\nio.dll

dbghelp: loaded successfully - version: 4.0.5 - missing functions: none
symbol engine: initialized successfully - sym options: 0x614 - pdb path: .;C:\Users\Darin\.p2\pool\plugins\org.eclipse.justj.openjdk.hotspot.jre.full.win32.x86_64_16.0.2.v20210721-1149\jre\bin;C:\Windows\SYSTEM32;C:\Windows\WinSxS\amd64_microsoft.windows.common-controls_6595b64144ccf1df_6.0.18362.1556_none_9e7e372fe45e41d5;C:\Users\Darin\.p2\pool\plugins\org.eclipse.justj.openjdk.hotspot.jre.full.win32.x86_64_16.0.2.v20210721-1149\jre\bin\server

VM Arguments:
jvm_args: -Dfile.encoding=Cp1252 --module-path=C:\Users\Darin\git\World-Sim\WorldSim2.0\src\jfreechart\jcommon-1.0.23.jar;C:\Users\Darin\git\World-Sim\WorldSim2.0\src\jfreechart\jfreechart-1.0.19.jar;C:\Users\Darin\git\World-Sim\WorldSim2.0\src\jfreechart\jfreesvg-2.0.jar;C:\Users\Darin\git\World-Sim\WorldSim2.0\src\jfreechart\servlet.jar;C:\Users\Darin\git\World-Sim\WorldSim2.0\src\jfreechart\swtgraphics2d.jar -XX:+ShowCodeDetailsInExceptionMessages 
java_command: WorldSim2
java_class_path (initial): C:\Users\Darin\git\World-Sim\WorldSim2.0\bin
Launcher Type: SUN_STANDARD

[Global flags]
     intx CICompilerCount                          = 3                                         {product} {ergonomic}
     uint ConcGCThreads                            = 1                                         {product} {ergonomic}
     uint G1ConcRefinementThreads                  = 4                                         {product} {ergonomic}
   size_t G1HeapRegionSize                         = 1048576                                   {product} {ergonomic}
    uintx GCDrainStackTargetSize                   = 64                                        {product} {ergonomic}
   size_t InitialHeapSize                          = 132120576                                 {product} {ergonomic}
   size_t MarkStackSize                            = 4194304                                   {product} {ergonomic}
   size_t MaxHeapSize                              = 2113929216                                {product} {ergonomic}
   size_t MaxNewSize                               = 1267728384                                {product} {ergonomic}
   size_t MinHeapDeltaBytes                        = 1048576                                   {product} {ergonomic}
   size_t MinHeapSize                              = 8388608                                   {product} {ergonomic}
    uintx NonNMethodCodeHeapSize                   = 5832780                                {pd product} {ergonomic}
    uintx NonProfiledCodeHeapSize                  = 122912730                              {pd product} {ergonomic}
    uintx ProfiledCodeHeapSize                     = 122912730                              {pd product} {ergonomic}
    uintx ReservedCodeCacheSize                    = 251658240                              {pd product} {ergonomic}
     bool SegmentedCodeCache                       = true                                      {product} {ergonomic}
     bool ShowCodeDetailsInExceptionMessages       = true                                   {manageable} {command line}
   size_t SoftMaxHeapSize                          = 2113929216                             {manageable} {ergonomic}
     bool UseCompressedClassPointers               = true                           {product lp64_product} {ergonomic}
     bool UseCompressedOops                        = true                           {product lp64_product} {ergonomic}
     bool UseG1GC                                  = true                                      {product} {ergonomic}
     bool UseLargePagesIndividualAllocation        = false                                  {pd product} {ergonomic}

Logging:
Log output configuration:
 #0: stdout all=warning uptime,level,tags
 #1: stderr all=off uptime,level,tags

Environment Variables:
PATH=C:/Users/Darin/.p2/pool/plugins/org.eclipse.justj.openjdk.hotspot.jre.full.win32.x86_64_16.0.2.v20210721-1149/jre/bin/server;C:/Users/Darin/.p2/pool/plugins/org.eclipse.justj.openjdk.hotspot.jre.full.win32.x86_64_16.0.2.v20210721-1149/jre/bin;C:\Program Files (x86)\Common Files\Oracle\Java\javapath;C:\Program Files (x86)\Intel\iCLS Client\;C:\Program Files\Intel\iCLS Client\;C:\Windows\system32;C:\Windows;C:\Windows\System32\Wbem;C:\Windows\System32\WindowsPowerShell\v1.0\;C:\Windows\System32\OpenSSH\;C:\Users\Darin\AppData\Local\Microsoft\WindowsApps;;C:\Users\Darin\OneDrive\Desktop;
USERNAME=Darin
OS=Windows_NT
PROCESSOR_IDENTIFIER=Intel64 Family 6 Model 142 Stepping 9, GenuineIntel



---------------  S Y S T E M  ---------------

OS:
 Windows 10 , 64 bit Build 18362 (10.0.18362.1500)
OS uptime: 1 days 5:54 hours

CPU: total 4 (initial active 4) (2 cores per cpu, 2 threads per core) family 6 model 142 stepping 9 microcode 0xde, cx8, cmov, fxsr, ht, mmx, 3dnowpref, sse, sse2, sse3, ssse3, sse4.1, sse4.2, popcnt, lzcnt, tsc, tscinvbit, avx, avx2, aes, erms, clmul, bmi1, bmi2, rtm, adx, fma, vzeroupper, clflush, clflushopt

Memory: 4k page, system-wide physical 8057M (3501M free)
TotalPageFile size 9886M (AvailPageFile size 3M)
current process WorkingSet (physical memory assigned to process): 37M, peak: 37M
current process commit charge ("private bytes"): 197M, peak: 197M

vm_info: OpenJDK 64-Bit Server VM (16.0.2+7-67) for windows-amd64 JRE (16.0.2+7-67), built on Jun  8 2021 23:21:43 by "mach5one" with MS VC++ 16.7 (VS2019)

END.
